  main.cpp
C:\New\Graphics Projects\Project Tajmohol\sphere.h(231,26): warning C4244: 'initializing': conversion from 'double' to 'float', possible loss of data
C:\New\Graphics Projects\Project Tajmohol\sphere.h(232,25): warning C4244: 'initializing': conversion from 'double' to 'float', possible loss of data
C:\New\Graphics Projects\Project Tajmohol\sphere.h(234,26): warning C4244: 'initializing': conversion from 'double' to 'float', possible loss of data
C:\New\Graphics Projects\Project Tajmohol\sphere.h(267,23): warning C4244: '=': conversion from 'double' to 'float', possible loss of data
C:\New\Graphics Projects\Project Tajmohol\sphere.h(323,26): warning C4244: 'initializing': conversion from 'double' to 'float', possible loss of data
C:\New\Graphics Projects\Project Tajmohol\sphere.h(324,25): warning C4244: 'initializing': conversion from 'double' to 'float', possible loss of data
C:\New\Graphics Projects\Project Tajmohol\sphere.h(328,30): warning C4244: 'initializing': conversion from 'double' to 'float', possible loss of data
C:\New\Graphics Projects\Project Tajmohol\curve.h(161,37): warning C4244: 'initializing': conversion from 'double' to 'float', possible loss of data
C:\New\Graphics Projects\Project Tajmohol\curve.h(161,28): warning C4244: 'initializing': conversion from 'double' to 'const float', possible loss of data
C:\New\Graphics Projects\Project Tajmohol\curve.h(164,18): warning C4244: 'initializing': conversion from 'double' to 'float', possible loss of data
C:\New\Graphics Projects\Project Tajmohol\curve.h(174,29): warning C4244: '=': conversion from 'double' to 'float', possible loss of data
C:\New\Graphics Projects\Project Tajmohol\curve.h(180,23): warning C4244: '=': conversion from 'double' to 'float', possible loss of data
C:\New\Graphics Projects\Project Tajmohol\curve.h(181,23): warning C4244: '=': conversion from 'double' to 'float', possible loss of data
C:\New\Graphics Projects\Project Tajmohol\curve.h(304,37): warning C4244: 'initializing': conversion from 'double' to 'float', possible loss of data
C:\New\Graphics Projects\Project Tajmohol\curve.h(304,28): warning C4244: 'initializing': conversion from 'double' to 'const float', possible loss of data
C:\New\Graphics Projects\Project Tajmohol\curve.h(307,18): warning C4244: 'initializing': conversion from 'double' to 'float', possible loss of data
C:\New\Graphics Projects\Project Tajmohol\curve.h(317,29): warning C4244: '=': conversion from 'double' to 'float', possible loss of data
C:\New\Graphics Projects\Project Tajmohol\curve.h(323,23): warning C4244: '=': conversion from 'double' to 'float', possible loss of data
C:\New\Graphics Projects\Project Tajmohol\curve.h(324,23): warning C4244: '=': conversion from 'double' to 'float', possible loss of data
C:\New\Graphics Projects\Project Tajmohol\main.cpp(235,18): warning C4305: 'initializing': truncation from 'double' to 'float'
C:\New\Graphics Projects\Project Tajmohol\main.cpp(235,26): warning C4305: 'initializing': truncation from 'double' to 'float'
C:\New\Graphics Projects\Project Tajmohol\main.cpp(236,10): warning C4305: 'initializing': truncation from 'double' to 'float'
C:\New\Graphics Projects\Project Tajmohol\main.cpp(236,18): warning C4305: 'initializing': truncation from 'double' to 'float'
C:\New\Graphics Projects\Project Tajmohol\main.cpp(236,26): warning C4305: 'initializing': truncation from 'double' to 'float'
C:\New\Graphics Projects\Project Tajmohol\main.cpp(237,10): warning C4305: 'initializing': truncation from 'double' to 'float'
C:\New\Graphics Projects\Project Tajmohol\main.cpp(237,18): warning C4305: 'initializing': truncation from 'double' to 'float'
C:\New\Graphics Projects\Project Tajmohol\main.cpp(237,26): warning C4305: 'initializing': truncation from 'double' to 'float'
C:\New\Graphics Projects\Project Tajmohol\main.cpp(238,10): warning C4305: 'initializing': truncation from 'double' to 'float'
C:\New\Graphics Projects\Project Tajmohol\main.cpp(238,18): warning C4305: 'initializing': truncation from 'double' to 'float'
C:\New\Graphics Projects\Project Tajmohol\main.cpp(238,26): warning C4305: 'initializing': truncation from 'double' to 'float'
C:\New\Graphics Projects\Project Tajmohol\main.cpp(239,10): warning C4305: 'initializing': truncation from 'double' to 'float'
C:\New\Graphics Projects\Project Tajmohol\main.cpp(239,26): warning C4305: 'initializing': truncation from 'double' to 'float'
C:\New\Graphics Projects\Project Tajmohol\main.cpp(240,10): warning C4305: 'initializing': truncation from 'double' to 'float'
C:\New\Graphics Projects\Project Tajmohol\main.cpp(240,26): warning C4305: 'initializing': truncation from 'double' to 'float'
C:\New\Graphics Projects\Project Tajmohol\main.cpp(241,10): warning C4305: 'initializing': truncation from 'double' to 'float'
C:\New\Graphics Projects\Project Tajmohol\main.cpp(241,18): warning C4305: 'initializing': truncation from 'double' to 'float'
C:\New\Graphics Projects\Project Tajmohol\main.cpp(241,26): warning C4305: 'initializing': truncation from 'double' to 'float'
C:\New\Graphics Projects\Project Tajmohol\main.cpp(242,10): warning C4305: 'initializing': truncation from 'double' to 'float'
C:\New\Graphics Projects\Project Tajmohol\main.cpp(242,18): warning C4305: 'initializing': truncation from 'double' to 'float'
C:\New\Graphics Projects\Project Tajmohol\main.cpp(242,26): warning C4305: 'initializing': truncation from 'double' to 'float'
C:\New\Graphics Projects\Project Tajmohol\main.cpp(243,10): warning C4305: 'initializing': truncation from 'double' to 'float'
C:\New\Graphics Projects\Project Tajmohol\main.cpp(243,18): warning C4305: 'initializing': truncation from 'double' to 'float'
C:\New\Graphics Projects\Project Tajmohol\main.cpp(243,26): warning C4305: 'initializing': truncation from 'double' to 'float'
C:\New\Graphics Projects\Project Tajmohol\main.cpp(244,10): warning C4305: 'initializing': truncation from 'double' to 'float'
C:\New\Graphics Projects\Project Tajmohol\main.cpp(244,18): warning C4305: 'initializing': truncation from 'double' to 'float'
C:\New\Graphics Projects\Project Tajmohol\main.cpp(244,26): warning C4305: 'initializing': truncation from 'double' to 'float'
C:\New\Graphics Projects\Project Tajmohol\main.cpp(245,10): warning C4305: 'initializing': truncation from 'double' to 'float'
C:\New\Graphics Projects\Project Tajmohol\main.cpp(245,18): warning C4305: 'initializing': truncation from 'double' to 'float'
C:\New\Graphics Projects\Project Tajmohol\main.cpp(245,26): warning C4305: 'initializing': truncation from 'double' to 'float'
C:\New\Graphics Projects\Project Tajmohol\main.cpp(246,10): warning C4305: 'initializing': truncation from 'double' to 'float'
C:\New\Graphics Projects\Project Tajmohol\main.cpp(246,18): warning C4305: 'initializing': truncation from 'double' to 'float'
C:\New\Graphics Projects\Project Tajmohol\main.cpp(246,26): warning C4305: 'initializing': truncation from 'double' to 'float'
C:\New\Graphics Projects\Project Tajmohol\main.cpp(247,10): warning C4305: 'initializing': truncation from 'double' to 'float'
C:\New\Graphics Projects\Project Tajmohol\main.cpp(247,18): warning C4305: 'initializing': truncation from 'double' to 'float'
C:\New\Graphics Projects\Project Tajmohol\main.cpp(247,26): warning C4305: 'initializing': truncation from 'double' to 'float'
C:\New\Graphics Projects\Project Tajmohol\main.cpp(248,10): warning C4305: 'initializing': truncation from 'double' to 'float'
C:\New\Graphics Projects\Project Tajmohol\main.cpp(248,18): warning C4305: 'initializing': truncation from 'double' to 'float'
C:\New\Graphics Projects\Project Tajmohol\main.cpp(248,26): warning C4305: 'initializing': truncation from 'double' to 'float'
C:\New\Graphics Projects\Project Tajmohol\main.cpp(249,10): warning C4305: 'initializing': truncation from 'double' to 'float'
C:\New\Graphics Projects\Project Tajmohol\main.cpp(249,26): warning C4305: 'initializing': truncation from 'double' to 'float'
C:\New\Graphics Projects\Project Tajmohol\main.cpp(250,18): warning C4305: 'initializing': truncation from 'double' to 'float'
C:\New\Graphics Projects\Project Tajmohol\main.cpp(250,26): warning C4305: 'initializing': truncation from 'double' to 'float'
C:\New\Graphics Projects\Project Tajmohol\main.cpp(251,10): warning C4305: 'initializing': truncation from 'double' to 'float'
C:\New\Graphics Projects\Project Tajmohol\main.cpp(251,18): warning C4305: 'initializing': truncation from 'double' to 'float'
C:\New\Graphics Projects\Project Tajmohol\main.cpp(251,26): warning C4305: 'initializing': truncation from 'double' to 'float'
C:\New\Graphics Projects\Project Tajmohol\main.cpp(252,10): warning C4305: 'initializing': truncation from 'double' to 'float'
C:\New\Graphics Projects\Project Tajmohol\main.cpp(252,18): warning C4305: 'initializing': truncation from 'double' to 'float'
C:\New\Graphics Projects\Project Tajmohol\main.cpp(252,26): warning C4305: 'initializing': truncation from 'double' to 'float'
C:\New\Graphics Projects\Project Tajmohol\main.cpp(253,10): warning C4305: 'initializing': truncation from 'double' to 'float'
C:\New\Graphics Projects\Project Tajmohol\main.cpp(253,26): warning C4305: 'initializing': truncation from 'double' to 'float'
C:\New\Graphics Projects\Project Tajmohol\main.cpp(254,10): warning C4305: 'initializing': truncation from 'double' to 'float'
C:\New\Graphics Projects\Project Tajmohol\main.cpp(254,26): warning C4305: 'initializing': truncation from 'double' to 'float'
C:\New\Graphics Projects\Project Tajmohol\main.cpp(255,10): warning C4305: 'initializing': truncation from 'double' to 'float'
C:\New\Graphics Projects\Project Tajmohol\main.cpp(255,26): warning C4305: 'initializing': truncation from 'double' to 'float'
C:\New\Graphics Projects\Project Tajmohol\main.cpp(256,10): warning C4305: 'initializing': truncation from 'double' to 'float'
C:\New\Graphics Projects\Project Tajmohol\main.cpp(256,18): warning C4305: 'initializing': truncation from 'double' to 'float'
C:\New\Graphics Projects\Project Tajmohol\main.cpp(256,26): warning C4305: 'initializing': truncation from 'double' to 'float'
C:\New\Graphics Projects\Project Tajmohol\main.cpp(257,10): warning C4305: 'initializing': truncation from 'double' to 'float'
C:\New\Graphics Projects\Project Tajmohol\main.cpp(257,18): warning C4305: 'initializing': truncation from 'double' to 'float'
C:\New\Graphics Projects\Project Tajmohol\main.cpp(257,26): warning C4305: 'initializing': truncation from 'double' to 'float'
C:\New\Graphics Projects\Project Tajmohol\main.cpp(258,10): warning C4305: 'initializing': truncation from 'double' to 'float'
C:\New\Graphics Projects\Project Tajmohol\main.cpp(258,18): warning C4305: 'initializing': truncation from 'double' to 'float'
C:\New\Graphics Projects\Project Tajmohol\main.cpp(258,26): warning C4305: 'initializing': truncation from 'double' to 'float'
C:\New\Graphics Projects\Project Tajmohol\main.cpp(259,10): warning C4305: 'initializing': truncation from 'double' to 'float'
C:\New\Graphics Projects\Project Tajmohol\main.cpp(259,18): warning C4305: 'initializing': truncation from 'double' to 'float'
C:\New\Graphics Projects\Project Tajmohol\main.cpp(259,26): warning C4305: 'initializing': truncation from 'double' to 'float'
C:\New\Graphics Projects\Project Tajmohol\main.cpp(260,10): warning C4305: 'initializing': truncation from 'double' to 'float'
C:\New\Graphics Projects\Project Tajmohol\main.cpp(260,18): warning C4305: 'initializing': truncation from 'double' to 'float'
C:\New\Graphics Projects\Project Tajmohol\main.cpp(260,26): warning C4305: 'initializing': truncation from 'double' to 'float'
C:\New\Graphics Projects\Project Tajmohol\main.cpp(261,10): warning C4305: 'initializing': truncation from 'double' to 'float'
C:\New\Graphics Projects\Project Tajmohol\main.cpp(261,18): warning C4305: 'initializing': truncation from 'double' to 'float'
C:\New\Graphics Projects\Project Tajmohol\main.cpp(261,26): warning C4305: 'initializing': truncation from 'double' to 'float'
C:\New\Graphics Projects\Project Tajmohol\main.cpp(262,10): warning C4305: 'initializing': truncation from 'double' to 'float'
C:\New\Graphics Projects\Project Tajmohol\main.cpp(262,18): warning C4305: 'initializing': truncation from 'double' to 'float'
C:\New\Graphics Projects\Project Tajmohol\main.cpp(262,26): warning C4305: 'initializing': truncation from 'double' to 'float'
C:\New\Graphics Projects\Project Tajmohol\main.cpp(263,10): warning C4305: 'initializing': truncation from 'double' to 'float'
C:\New\Graphics Projects\Project Tajmohol\main.cpp(263,18): warning C4305: 'initializing': truncation from 'double' to 'float'
C:\New\Graphics Projects\Project Tajmohol\main.cpp(263,26): warning C4305: 'initializing': truncation from 'double' to 'float'
C:\New\Graphics Projects\Project Tajmohol\main.cpp(264,10): warning C4305: 'initializing': truncation from 'double' to 'float'
C:\New\Graphics Projects\Project Tajmohol\main.cpp(264,18): warning C4305: 'initializing': truncation from 'double' to 'float'
C:\New\Graphics Projects\Project Tajmohol\main.cpp(264,26): warning C4305: 'initializing': truncation from 'double' to 'float'
C:\New\Graphics Projects\Project Tajmohol\main.cpp(265,10): warning C4305: 'initializing': truncation from 'double' to 'float'
C:\New\Graphics Projects\Project Tajmohol\main.cpp(265,26): warning C4305: 'initializing': truncation from 'double' to 'float'
C:\New\Graphics Projects\Project Tajmohol\main.cpp(266,10): warning C4305: 'initializing': truncation from 'double' to 'float'
C:\New\Graphics Projects\Project Tajmohol\main.cpp(266,18): warning C4305: 'initializing': truncation from 'double' to 'float'
C:\New\Graphics Projects\Project Tajmohol\main.cpp(266,26): warning C4305: 'initializing': truncation from 'double' to 'float'
C:\New\Graphics Projects\Project Tajmohol\main.cpp(267,10): warning C4305: 'initializing': truncation from 'double' to 'float'
C:\New\Graphics Projects\Project Tajmohol\main.cpp(267,18): warning C4305: 'initializing': truncation from 'double' to 'float'
C:\New\Graphics Projects\Project Tajmohol\main.cpp(267,26): warning C4305: 'initializing': truncation from 'double' to 'float'
C:\New\Graphics Projects\Project Tajmohol\main.cpp(268,10): warning C4305: 'initializing': truncation from 'double' to 'float'
C:\New\Graphics Projects\Project Tajmohol\main.cpp(268,18): warning C4305: 'initializing': truncation from 'double' to 'float'
C:\New\Graphics Projects\Project Tajmohol\main.cpp(268,26): warning C4305: 'initializing': truncation from 'double' to 'float'
C:\New\Graphics Projects\Project Tajmohol\main.cpp(269,10): warning C4305: 'initializing': truncation from 'double' to 'float'
C:\New\Graphics Projects\Project Tajmohol\main.cpp(269,18): warning C4305: 'initializing': truncation from 'double' to 'float'
C:\New\Graphics Projects\Project Tajmohol\main.cpp(269,26): warning C4305: 'initializing': truncation from 'double' to 'float'
C:\New\Graphics Projects\Project Tajmohol\main.cpp(270,10): warning C4305: 'initializing': truncation from 'double' to 'float'
C:\New\Graphics Projects\Project Tajmohol\main.cpp(270,18): warning C4305: 'initializing': truncation from 'double' to 'float'
C:\New\Graphics Projects\Project Tajmohol\main.cpp(270,26): warning C4305: 'initializing': truncation from 'double' to 'float'
C:\New\Graphics Projects\Project Tajmohol\main.cpp(271,10): warning C4305: 'initializing': truncation from 'double' to 'float'
C:\New\Graphics Projects\Project Tajmohol\main.cpp(271,18): warning C4305: 'initializing': truncation from 'double' to 'float'
C:\New\Graphics Projects\Project Tajmohol\main.cpp(271,26): warning C4305: 'initializing': truncation from 'double' to 'float'
C:\New\Graphics Projects\Project Tajmohol\main.cpp(272,10): warning C4305: 'initializing': truncation from 'double' to 'float'
C:\New\Graphics Projects\Project Tajmohol\main.cpp(272,18): warning C4305: 'initializing': truncation from 'double' to 'float'
C:\New\Graphics Projects\Project Tajmohol\main.cpp(272,26): warning C4305: 'initializing': truncation from 'double' to 'float'
C:\New\Graphics Projects\Project Tajmohol\main.cpp(273,10): warning C4305: 'initializing': truncation from 'double' to 'float'
C:\New\Graphics Projects\Project Tajmohol\main.cpp(273,18): warning C4305: 'initializing': truncation from 'double' to 'float'
C:\New\Graphics Projects\Project Tajmohol\main.cpp(273,26): warning C4305: 'initializing': truncation from 'double' to 'float'
C:\New\Graphics Projects\Project Tajmohol\main.cpp(274,10): warning C4305: 'initializing': truncation from 'double' to 'float'
C:\New\Graphics Projects\Project Tajmohol\main.cpp(274,18): warning C4305: 'initializing': truncation from 'double' to 'float'
C:\New\Graphics Projects\Project Tajmohol\main.cpp(274,26): warning C4305: 'initializing': truncation from 'double' to 'float'
C:\New\Graphics Projects\Project Tajmohol\main.cpp(275,10): warning C4305: 'initializing': truncation from 'double' to 'float'
C:\New\Graphics Projects\Project Tajmohol\main.cpp(275,18): warning C4305: 'initializing': truncation from 'double' to 'float'
C:\New\Graphics Projects\Project Tajmohol\main.cpp(275,26): warning C4305: 'initializing': truncation from 'double' to 'float'
C:\New\Graphics Projects\Project Tajmohol\main.cpp(276,18): warning C4305: 'initializing': truncation from 'double' to 'float'
C:\New\Graphics Projects\Project Tajmohol\main.cpp(276,26): warning C4305: 'initializing': truncation from 'double' to 'float'
C:\New\Graphics Projects\Project Tajmohol\main.cpp(277,10): warning C4305: 'initializing': truncation from 'double' to 'float'
C:\New\Graphics Projects\Project Tajmohol\main.cpp(277,18): warning C4305: 'initializing': truncation from 'double' to 'float'
C:\New\Graphics Projects\Project Tajmohol\main.cpp(277,26): warning C4305: 'initializing': truncation from 'double' to 'float'
C:\New\Graphics Projects\Project Tajmohol\main.cpp(278,10): warning C4305: 'initializing': truncation from 'double' to 'float'
C:\New\Graphics Projects\Project Tajmohol\main.cpp(278,18): warning C4305: 'initializing': truncation from 'double' to 'float'
C:\New\Graphics Projects\Project Tajmohol\main.cpp(278,26): warning C4305: 'initializing': truncation from 'double' to 'float'
C:\New\Graphics Projects\Project Tajmohol\main.cpp(279,10): warning C4305: 'initializing': truncation from 'double' to 'float'
C:\New\Graphics Projects\Project Tajmohol\main.cpp(279,26): warning C4305: 'initializing': truncation from 'double' to 'float'
C:\New\Graphics Projects\Project Tajmohol\main.cpp(280,22): warning C4305: 'initializing': truncation from 'double' to 'float'
C:\New\Graphics Projects\Project Tajmohol\main.cpp(284,11): warning C4305: 'initializing': truncation from 'double' to 'float'
C:\New\Graphics Projects\Project Tajmohol\main.cpp(284,22): warning C4305: 'initializing': truncation from 'double' to 'float'
C:\New\Graphics Projects\Project Tajmohol\main.cpp(285,11): warning C4305: 'initializing': truncation from 'double' to 'float'
C:\New\Graphics Projects\Project Tajmohol\main.cpp(285,17): warning C4305: 'initializing': truncation from 'double' to 'float'
C:\New\Graphics Projects\Project Tajmohol\main.cpp(285,22): warning C4305: 'initializing': truncation from 'double' to 'float'
C:\New\Graphics Projects\Project Tajmohol\main.cpp(286,17): warning C4305: 'initializing': truncation from 'double' to 'float'
C:\New\Graphics Projects\Project Tajmohol\main.cpp(286,22): warning C4305: 'initializing': truncation from 'double' to 'float'
C:\New\Graphics Projects\Project Tajmohol\main.cpp(287,11): warning C4305: 'initializing': truncation from 'double' to 'float'
C:\New\Graphics Projects\Project Tajmohol\main.cpp(287,17): warning C4305: 'initializing': truncation from 'double' to 'float'
C:\New\Graphics Projects\Project Tajmohol\main.cpp(287,22): warning C4305: 'initializing': truncation from 'double' to 'float'
C:\New\Graphics Projects\Project Tajmohol\main.cpp(288,11): warning C4305: 'initializing': truncation from 'double' to 'float'
C:\New\Graphics Projects\Project Tajmohol\main.cpp(288,17): warning C4305: 'initializing': truncation from 'double' to 'float'
C:\New\Graphics Projects\Project Tajmohol\main.cpp(288,22): warning C4305: 'initializing': truncation from 'double' to 'float'
C:\New\Graphics Projects\Project Tajmohol\main.cpp(289,11): warning C4305: 'initializing': truncation from 'double' to 'float'
C:\New\Graphics Projects\Project Tajmohol\main.cpp(289,22): warning C4305: 'initializing': truncation from 'double' to 'float'
C:\New\Graphics Projects\Project Tajmohol\main.cpp(290,11): warning C4305: 'initializing': truncation from 'double' to 'float'
C:\New\Graphics Projects\Project Tajmohol\main.cpp(290,17): warning C4305: 'initializing': truncation from 'double' to 'float'
C:\New\Graphics Projects\Project Tajmohol\main.cpp(290,22): warning C4305: 'initializing': truncation from 'double' to 'float'
C:\New\Graphics Projects\Project Tajmohol\main.cpp(291,11): warning C4305: 'initializing': truncation from 'double' to 'float'
C:\New\Graphics Projects\Project Tajmohol\main.cpp(291,17): warning C4305: 'initializing': truncation from 'double' to 'float'
C:\New\Graphics Projects\Project Tajmohol\main.cpp(291,22): warning C4305: 'initializing': truncation from 'double' to 'float'
C:\New\Graphics Projects\Project Tajmohol\main.cpp(292,11): warning C4305: 'initializing': truncation from 'double' to 'float'
C:\New\Graphics Projects\Project Tajmohol\main.cpp(292,17): warning C4305: 'initializing': truncation from 'double' to 'float'
C:\New\Graphics Projects\Project Tajmohol\main.cpp(292,22): warning C4305: 'initializing': truncation from 'double' to 'float'
C:\New\Graphics Projects\Project Tajmohol\main.cpp(293,11): warning C4305: 'initializing': truncation from 'double' to 'float'
C:\New\Graphics Projects\Project Tajmohol\main.cpp(293,17): warning C4305: 'initializing': truncation from 'double' to 'float'
C:\New\Graphics Projects\Project Tajmohol\main.cpp(293,22): warning C4305: 'initializing': truncation from 'double' to 'float'
C:\New\Graphics Projects\Project Tajmohol\main.cpp(294,11): warning C4305: 'initializing': truncation from 'double' to 'float'
C:\New\Graphics Projects\Project Tajmohol\main.cpp(294,22): warning C4305: 'initializing': truncation from 'double' to 'float'
C:\New\Graphics Projects\Project Tajmohol\main.cpp(295,11): warning C4305: 'initializing': truncation from 'double' to 'float'
C:\New\Graphics Projects\Project Tajmohol\main.cpp(295,17): warning C4305: 'initializing': truncation from 'double' to 'float'
C:\New\Graphics Projects\Project Tajmohol\main.cpp(295,22): warning C4305: 'initializing': truncation from 'double' to 'float'
C:\New\Graphics Projects\Project Tajmohol\main.cpp(296,11): warning C4305: 'initializing': truncation from 'double' to 'float'
C:\New\Graphics Projects\Project Tajmohol\main.cpp(296,17): warning C4305: 'initializing': truncation from 'double' to 'float'
C:\New\Graphics Projects\Project Tajmohol\main.cpp(296,22): warning C4305: 'initializing': truncation from 'double' to 'float'
C:\New\Graphics Projects\Project Tajmohol\main.cpp(297,11): warning C4305: 'initializing': truncation from 'double' to 'float'
C:\New\Graphics Projects\Project Tajmohol\main.cpp(297,17): warning C4305: 'initializing': truncation from 'double' to 'float'
C:\New\Graphics Projects\Project Tajmohol\main.cpp(297,22): warning C4305: 'initializing': truncation from 'double' to 'float'
C:\New\Graphics Projects\Project Tajmohol\main.cpp(298,11): warning C4305: 'initializing': truncation from 'double' to 'float'
C:\New\Graphics Projects\Project Tajmohol\main.cpp(298,17): warning C4305: 'initializing': truncation from 'double' to 'float'
C:\New\Graphics Projects\Project Tajmohol\main.cpp(298,22): warning C4305: 'initializing': truncation from 'double' to 'float'
C:\New\Graphics Projects\Project Tajmohol\main.cpp(299,11): warning C4305: 'initializing': truncation from 'double' to 'float'
C:\New\Graphics Projects\Project Tajmohol\main.cpp(299,22): warning C4305: 'initializing': truncation from 'double' to 'float'
C:\New\Graphics Projects\Project Tajmohol\main.cpp(300,11): warning C4305: 'initializing': truncation from 'double' to 'float'
C:\New\Graphics Projects\Project Tajmohol\main.cpp(300,17): warning C4305: 'initializing': truncation from 'double' to 'float'
C:\New\Graphics Projects\Project Tajmohol\main.cpp(300,22): warning C4305: 'initializing': truncation from 'double' to 'float'
C:\New\Graphics Projects\Project Tajmohol\main.cpp(301,11): warning C4305: 'initializing': truncation from 'double' to 'float'
C:\New\Graphics Projects\Project Tajmohol\main.cpp(301,17): warning C4305: 'initializing': truncation from 'double' to 'float'
C:\New\Graphics Projects\Project Tajmohol\main.cpp(301,22): warning C4305: 'initializing': truncation from 'double' to 'float'
C:\New\Graphics Projects\Project Tajmohol\main.cpp(302,11): warning C4305: 'initializing': truncation from 'double' to 'float'
C:\New\Graphics Projects\Project Tajmohol\main.cpp(302,17): warning C4305: 'initializing': truncation from 'double' to 'float'
C:\New\Graphics Projects\Project Tajmohol\main.cpp(302,22): warning C4305: 'initializing': truncation from 'double' to 'float'
C:\New\Graphics Projects\Project Tajmohol\main.cpp(303,11): warning C4305: 'initializing': truncation from 'double' to 'float'
C:\New\Graphics Projects\Project Tajmohol\main.cpp(303,17): warning C4305: 'initializing': truncation from 'double' to 'float'
C:\New\Graphics Projects\Project Tajmohol\main.cpp(303,22): warning C4305: 'initializing': truncation from 'double' to 'float'
C:\New\Graphics Projects\Project Tajmohol\main.cpp(307,22): warning C4305: 'initializing': truncation from 'double' to 'float'
C:\New\Graphics Projects\Project Tajmohol\main.cpp(308,11): warning C4305: 'initializing': truncation from 'double' to 'float'
C:\New\Graphics Projects\Project Tajmohol\main.cpp(308,22): warning C4305: 'initializing': truncation from 'double' to 'float'
C:\New\Graphics Projects\Project Tajmohol\main.cpp(309,11): warning C4305: 'initializing': truncation from 'double' to 'float'
C:\New\Graphics Projects\Project Tajmohol\main.cpp(309,17): warning C4305: 'initializing': truncation from 'double' to 'float'
C:\New\Graphics Projects\Project Tajmohol\main.cpp(309,22): warning C4305: 'initializing': truncation from 'double' to 'float'
C:\New\Graphics Projects\Project Tajmohol\main.cpp(310,17): warning C4305: 'initializing': truncation from 'double' to 'float'
C:\New\Graphics Projects\Project Tajmohol\main.cpp(310,22): warning C4305: 'initializing': truncation from 'double' to 'float'
C:\New\Graphics Projects\Project Tajmohol\main.cpp(311,11): warning C4305: 'initializing': truncation from 'double' to 'float'
C:\New\Graphics Projects\Project Tajmohol\main.cpp(311,17): warning C4305: 'initializing': truncation from 'double' to 'float'
C:\New\Graphics Projects\Project Tajmohol\main.cpp(311,22): warning C4305: 'initializing': truncation from 'double' to 'float'
C:\New\Graphics Projects\Project Tajmohol\main.cpp(312,11): warning C4305: 'initializing': truncation from 'double' to 'float'
C:\New\Graphics Projects\Project Tajmohol\main.cpp(312,17): warning C4305: 'initializing': truncation from 'double' to 'float'
C:\New\Graphics Projects\Project Tajmohol\main.cpp(312,22): warning C4305: 'initializing': truncation from 'double' to 'float'
C:\New\Graphics Projects\Project Tajmohol\main.cpp(313,11): warning C4305: 'initializing': truncation from 'double' to 'float'
C:\New\Graphics Projects\Project Tajmohol\main.cpp(313,22): warning C4305: 'initializing': truncation from 'double' to 'float'
C:\New\Graphics Projects\Project Tajmohol\main.cpp(314,11): warning C4305: 'initializing': truncation from 'double' to 'float'
C:\New\Graphics Projects\Project Tajmohol\main.cpp(314,17): warning C4305: 'initializing': truncation from 'double' to 'float'
C:\New\Graphics Projects\Project Tajmohol\main.cpp(314,22): warning C4305: 'initializing': truncation from 'double' to 'float'
C:\New\Graphics Projects\Project Tajmohol\main.cpp(315,11): warning C4305: 'initializing': truncation from 'double' to 'float'
C:\New\Graphics Projects\Project Tajmohol\main.cpp(315,17): warning C4305: 'initializing': truncation from 'double' to 'float'
C:\New\Graphics Projects\Project Tajmohol\main.cpp(315,22): warning C4305: 'initializing': truncation from 'double' to 'float'
C:\New\Graphics Projects\Project Tajmohol\main.cpp(316,11): warning C4305: 'initializing': truncation from 'double' to 'float'
C:\New\Graphics Projects\Project Tajmohol\main.cpp(316,17): warning C4305: 'initializing': truncation from 'double' to 'float'
C:\New\Graphics Projects\Project Tajmohol\main.cpp(316,22): warning C4305: 'initializing': truncation from 'double' to 'float'
C:\New\Graphics Projects\Project Tajmohol\main.cpp(317,11): warning C4305: 'initializing': truncation from 'double' to 'float'
C:\New\Graphics Projects\Project Tajmohol\main.cpp(317,17): warning C4305: 'initializing': truncation from 'double' to 'float'
C:\New\Graphics Projects\Project Tajmohol\main.cpp(317,22): warning C4305: 'initializing': truncation from 'double' to 'float'
C:\New\Graphics Projects\Project Tajmohol\main.cpp(318,11): warning C4305: 'initializing': truncation from 'double' to 'float'
C:\New\Graphics Projects\Project Tajmohol\main.cpp(318,22): warning C4305: 'initializing': truncation from 'double' to 'float'
C:\New\Graphics Projects\Project Tajmohol\main.cpp(319,11): warning C4305: 'initializing': truncation from 'double' to 'float'
C:\New\Graphics Projects\Project Tajmohol\main.cpp(319,17): warning C4305: 'initializing': truncation from 'double' to 'float'
C:\New\Graphics Projects\Project Tajmohol\main.cpp(319,22): warning C4305: 'initializing': truncation from 'double' to 'float'
C:\New\Graphics Projects\Project Tajmohol\main.cpp(320,11): warning C4305: 'initializing': truncation from 'double' to 'float'
C:\New\Graphics Projects\Project Tajmohol\main.cpp(320,17): warning C4305: 'initializing': truncation from 'double' to 'float'
C:\New\Graphics Projects\Project Tajmohol\main.cpp(320,22): warning C4305: 'initializing': truncation from 'double' to 'float'
C:\New\Graphics Projects\Project Tajmohol\main.cpp(321,11): warning C4305: 'initializing': truncation from 'double' to 'float'
C:\New\Graphics Projects\Project Tajmohol\main.cpp(321,17): warning C4305: 'initializing': truncation from 'double' to 'float'
C:\New\Graphics Projects\Project Tajmohol\main.cpp(321,22): warning C4305: 'initializing': truncation from 'double' to 'float'
C:\New\Graphics Projects\Project Tajmohol\main.cpp(322,11): warning C4305: 'initializing': truncation from 'double' to 'float'
C:\New\Graphics Projects\Project Tajmohol\main.cpp(322,17): warning C4305: 'initializing': truncation from 'double' to 'float'
C:\New\Graphics Projects\Project Tajmohol\main.cpp(322,22): warning C4305: 'initializing': truncation from 'double' to 'float'
C:\New\Graphics Projects\Project Tajmohol\main.cpp(323,11): warning C4305: 'initializing': truncation from 'double' to 'float'
C:\New\Graphics Projects\Project Tajmohol\main.cpp(323,22): warning C4305: 'initializing': truncation from 'double' to 'float'
C:\New\Graphics Projects\Project Tajmohol\main.cpp(324,11): warning C4305: 'initializing': truncation from 'double' to 'float'
C:\New\Graphics Projects\Project Tajmohol\main.cpp(324,17): warning C4305: 'initializing': truncation from 'double' to 'float'
C:\New\Graphics Projects\Project Tajmohol\main.cpp(324,22): warning C4305: 'initializing': truncation from 'double' to 'float'
C:\New\Graphics Projects\Project Tajmohol\main.cpp(325,11): warning C4305: 'initializing': truncation from 'double' to 'float'
C:\New\Graphics Projects\Project Tajmohol\main.cpp(325,17): warning C4305: 'initializing': truncation from 'double' to 'float'
C:\New\Graphics Projects\Project Tajmohol\main.cpp(325,22): warning C4305: 'initializing': truncation from 'double' to 'float'
C:\New\Graphics Projects\Project Tajmohol\main.cpp(326,11): warning C4305: 'initializing': truncation from 'double' to 'float'
C:\New\Graphics Projects\Project Tajmohol\main.cpp(326,17): warning C4305: 'initializing': truncation from 'double' to 'float'
C:\New\Graphics Projects\Project Tajmohol\main.cpp(326,22): warning C4305: 'initializing': truncation from 'double' to 'float'
C:\New\Graphics Projects\Project Tajmohol\main.cpp(327,11): warning C4305: 'initializing': truncation from 'double' to 'float'
C:\New\Graphics Projects\Project Tajmohol\main.cpp(327,17): warning C4305: 'initializing': truncation from 'double' to 'float'
C:\New\Graphics Projects\Project Tajmohol\main.cpp(327,22): warning C4305: 'initializing': truncation from 'double' to 'float'
C:\New\Graphics Projects\Project Tajmohol\main.cpp(328,17): warning C4305: 'initializing': truncation from 'double' to 'float'
C:\New\Graphics Projects\Project Tajmohol\main.cpp(328,22): warning C4305: 'initializing': truncation from 'double' to 'float'
C:\New\Graphics Projects\Project Tajmohol\main.cpp(332,10): warning C4305: 'initializing': truncation from 'double' to 'float'
C:\New\Graphics Projects\Project Tajmohol\main.cpp(332,18): warning C4305: 'initializing': truncation from 'double' to 'float'
C:\New\Graphics Projects\Project Tajmohol\main.cpp(332,26): warning C4305: 'initializing': truncation from 'double' to 'float'
C:\New\Graphics Projects\Project Tajmohol\main.cpp(333,10): warning C4305: 'initializing': truncation from 'double' to 'float'
C:\New\Graphics Projects\Project Tajmohol\main.cpp(333,18): warning C4305: 'initializing': truncation from 'double' to 'float'
C:\New\Graphics Projects\Project Tajmohol\main.cpp(333,26): warning C4305: 'initializing': truncation from 'double' to 'float'
C:\New\Graphics Projects\Project Tajmohol\main.cpp(334,10): warning C4305: 'initializing': truncation from 'double' to 'float'
C:\New\Graphics Projects\Project Tajmohol\main.cpp(334,18): warning C4305: 'initializing': truncation from 'double' to 'float'
C:\New\Graphics Projects\Project Tajmohol\main.cpp(334,26): warning C4305: 'initializing': truncation from 'double' to 'float'
C:\New\Graphics Projects\Project Tajmohol\main.cpp(335,10): warning C4305: 'initializing': truncation from 'double' to 'float'
C:\New\Graphics Projects\Project Tajmohol\main.cpp(335,18): warning C4305: 'initializing': truncation from 'double' to 'float'
C:\New\Graphics Projects\Project Tajmohol\main.cpp(335,26): warning C4305: 'initializing': truncation from 'double' to 'float'
C:\New\Graphics Projects\Project Tajmohol\main.cpp(336,10): warning C4305: 'initializing': truncation from 'double' to 'float'
C:\New\Graphics Projects\Project Tajmohol\main.cpp(336,18): warning C4305: 'initializing': truncation from 'double' to 'float'
C:\New\Graphics Projects\Project Tajmohol\main.cpp(336,26): warning C4305: 'initializing': truncation from 'double' to 'float'
C:\New\Graphics Projects\Project Tajmohol\main.cpp(337,10): warning C4305: 'initializing': truncation from 'double' to 'float'
C:\New\Graphics Projects\Project Tajmohol\main.cpp(337,18): warning C4305: 'initializing': truncation from 'double' to 'float'
C:\New\Graphics Projects\Project Tajmohol\main.cpp(337,26): warning C4305: 'initializing': truncation from 'double' to 'float'
C:\New\Graphics Projects\Project Tajmohol\main.cpp(338,10): warning C4305: 'initializing': truncation from 'double' to 'float'
C:\New\Graphics Projects\Project Tajmohol\main.cpp(338,18): warning C4305: 'initializing': truncation from 'double' to 'float'
C:\New\Graphics Projects\Project Tajmohol\main.cpp(338,26): warning C4305: 'initializing': truncation from 'double' to 'float'
C:\New\Graphics Projects\Project Tajmohol\main.cpp(339,18): warning C4305: 'initializing': truncation from 'double' to 'float'
C:\New\Graphics Projects\Project Tajmohol\main.cpp(339,26): warning C4305: 'initializing': truncation from 'double' to 'float'
C:\New\Graphics Projects\Project Tajmohol\main.cpp(340,10): warning C4305: 'initializing': truncation from 'double' to 'float'
C:\New\Graphics Projects\Project Tajmohol\main.cpp(340,18): warning C4305: 'initializing': truncation from 'double' to 'float'
C:\New\Graphics Projects\Project Tajmohol\main.cpp(340,26): warning C4305: 'initializing': truncation from 'double' to 'float'
C:\New\Graphics Projects\Project Tajmohol\main.cpp(341,10): warning C4305: 'initializing': truncation from 'double' to 'float'
C:\New\Graphics Projects\Project Tajmohol\main.cpp(341,18): warning C4305: 'initializing': truncation from 'double' to 'float'
C:\New\Graphics Projects\Project Tajmohol\main.cpp(341,26): warning C4305: 'initializing': truncation from 'double' to 'float'
C:\New\Graphics Projects\Project Tajmohol\main.cpp(342,10): warning C4305: 'initializing': truncation from 'double' to 'float'
C:\New\Graphics Projects\Project Tajmohol\main.cpp(342,18): warning C4305: 'initializing': truncation from 'double' to 'float'
C:\New\Graphics Projects\Project Tajmohol\main.cpp(342,26): warning C4305: 'initializing': truncation from 'double' to 'float'
C:\New\Graphics Projects\Project Tajmohol\main.cpp(343,18): warning C4305: 'initializing': truncation from 'double' to 'float'
C:\New\Graphics Projects\Project Tajmohol\main.cpp(343,26): warning C4305: 'initializing': truncation from 'double' to 'float'
C:\New\Graphics Projects\Project Tajmohol\main.cpp(344,10): warning C4305: 'initializing': truncation from 'double' to 'float'
C:\New\Graphics Projects\Project Tajmohol\main.cpp(344,26): warning C4305: 'initializing': truncation from 'double' to 'float'
C:\New\Graphics Projects\Project Tajmohol\main.cpp(345,10): warning C4305: 'initializing': truncation from 'double' to 'float'
C:\New\Graphics Projects\Project Tajmohol\main.cpp(345,18): warning C4305: 'initializing': truncation from 'double' to 'float'
C:\New\Graphics Projects\Project Tajmohol\main.cpp(345,26): warning C4305: 'initializing': truncation from 'double' to 'float'
C:\New\Graphics Projects\Project Tajmohol\main.cpp(346,10): warning C4305: 'initializing': truncation from 'double' to 'float'
C:\New\Graphics Projects\Project Tajmohol\main.cpp(346,26): warning C4305: 'initializing': truncation from 'double' to 'float'
C:\New\Graphics Projects\Project Tajmohol\main.cpp(347,10): warning C4305: 'initializing': truncation from 'double' to 'float'
C:\New\Graphics Projects\Project Tajmohol\main.cpp(347,18): warning C4305: 'initializing': truncation from 'double' to 'float'
C:\New\Graphics Projects\Project Tajmohol\main.cpp(347,26): warning C4305: 'initializing': truncation from 'double' to 'float'
C:\New\Graphics Projects\Project Tajmohol\main.cpp(348,10): warning C4305: 'initializing': truncation from 'double' to 'float'
C:\New\Graphics Projects\Project Tajmohol\main.cpp(348,26): warning C4305: 'initializing': truncation from 'double' to 'float'
C:\New\Graphics Projects\Project Tajmohol\main.cpp(349,10): warning C4305: 'initializing': truncation from 'double' to 'float'
C:\New\Graphics Projects\Project Tajmohol\main.cpp(349,18): warning C4305: 'initializing': truncation from 'double' to 'float'
C:\New\Graphics Projects\Project Tajmohol\main.cpp(349,26): warning C4305: 'initializing': truncation from 'double' to 'float'
C:\New\Graphics Projects\Project Tajmohol\main.cpp(350,10): warning C4305: 'initializing': truncation from 'double' to 'float'
C:\New\Graphics Projects\Project Tajmohol\main.cpp(350,18): warning C4305: 'initializing': truncation from 'double' to 'float'
C:\New\Graphics Projects\Project Tajmohol\main.cpp(350,26): warning C4305: 'initializing': truncation from 'double' to 'float'
C:\New\Graphics Projects\Project Tajmohol\main.cpp(351,10): warning C4305: 'initializing': truncation from 'double' to 'float'
C:\New\Graphics Projects\Project Tajmohol\main.cpp(351,18): warning C4305: 'initializing': truncation from 'double' to 'float'
C:\New\Graphics Projects\Project Tajmohol\main.cpp(351,26): warning C4305: 'initializing': truncation from 'double' to 'float'
C:\New\Graphics Projects\Project Tajmohol\main.cpp(352,10): warning C4305: 'initializing': truncation from 'double' to 'float'
C:\New\Graphics Projects\Project Tajmohol\main.cpp(352,18): warning C4305: 'initializing': truncation from 'double' to 'float'
C:\New\Graphics Projects\Project Tajmohol\main.cpp(352,26): warning C4305: 'initializing': truncation from 'double' to 'float'
C:\New\Graphics Projects\Project Tajmohol\main.cpp(353,10): warning C4305: 'initializing': truncation from 'double' to 'float'
C:\New\Graphics Projects\Project Tajmohol\main.cpp(353,18): warning C4305: 'initializing': truncation from 'double' to 'float'
C:\New\Graphics Projects\Project Tajmohol\main.cpp(353,26): warning C4305: 'initializing': truncation from 'double' to 'float'
C:\New\Graphics Projects\Project Tajmohol\main.cpp(354,10): warning C4305: 'initializing': truncation from 'double' to 'float'
C:\New\Graphics Projects\Project Tajmohol\main.cpp(354,18): warning C4305: 'initializing': truncation from 'double' to 'float'
C:\New\Graphics Projects\Project Tajmohol\main.cpp(354,26): warning C4305: 'initializing': truncation from 'double' to 'float'
C:\New\Graphics Projects\Project Tajmohol\main.cpp(355,10): warning C4305: 'initializing': truncation from 'double' to 'float'
C:\New\Graphics Projects\Project Tajmohol\main.cpp(355,18): warning C4305: 'initializing': truncation from 'double' to 'float'
C:\New\Graphics Projects\Project Tajmohol\main.cpp(355,26): warning C4305: 'initializing': truncation from 'double' to 'float'
C:\New\Graphics Projects\Project Tajmohol\main.cpp(356,14): warning C4305: 'initializing': truncation from 'double' to 'float'
C:\New\Graphics Projects\Project Tajmohol\main.cpp(356,22): warning C4305: 'initializing': truncation from 'double' to 'float'
C:\New\Graphics Projects\Project Tajmohol\main.cpp(360,18): warning C4305: 'initializing': truncation from 'double' to 'float'
C:\New\Graphics Projects\Project Tajmohol\main.cpp(360,26): warning C4305: 'initializing': truncation from 'double' to 'float'
C:\New\Graphics Projects\Project Tajmohol\main.cpp(361,10): warning C4305: 'initializing': truncation from 'double' to 'float'
C:\New\Graphics Projects\Project Tajmohol\main.cpp(361,18): warning C4305: 'initializing': truncation from 'double' to 'float'
C:\New\Graphics Projects\Project Tajmohol\main.cpp(361,26): warning C4305: 'initializing': truncation from 'double' to 'float'
C:\New\Graphics Projects\Project Tajmohol\main.cpp(362,10): warning C4305: 'initializing': truncation from 'double' to 'float'
C:\New\Graphics Projects\Project Tajmohol\main.cpp(362,18): warning C4305: 'initializing': truncation from 'double' to 'float'
C:\New\Graphics Projects\Project Tajmohol\main.cpp(362,26): warning C4305: 'initializing': truncation from 'double' to 'float'
C:\New\Graphics Projects\Project Tajmohol\main.cpp(363,10): warning C4305: 'initializing': truncation from 'double' to 'float'
C:\New\Graphics Projects\Project Tajmohol\main.cpp(363,18): warning C4305: 'initializing': truncation from 'double' to 'float'
C:\New\Graphics Projects\Project Tajmohol\main.cpp(363,26): warning C4305: 'initializing': truncation from 'double' to 'float'
C:\New\Graphics Projects\Project Tajmohol\main.cpp(364,18): warning C4305: 'initializing': truncation from 'double' to 'float'
C:\New\Graphics Projects\Project Tajmohol\main.cpp(364,26): warning C4305: 'initializing': truncation from 'double' to 'float'
C:\New\Graphics Projects\Project Tajmohol\main.cpp(365,10): warning C4305: 'initializing': truncation from 'double' to 'float'
C:\New\Graphics Projects\Project Tajmohol\main.cpp(365,26): warning C4305: 'initializing': truncation from 'double' to 'float'
C:\New\Graphics Projects\Project Tajmohol\main.cpp(366,10): warning C4305: 'initializing': truncation from 'double' to 'float'
C:\New\Graphics Projects\Project Tajmohol\main.cpp(366,18): warning C4305: 'initializing': truncation from 'double' to 'float'
C:\New\Graphics Projects\Project Tajmohol\main.cpp(366,26): warning C4305: 'initializing': truncation from 'double' to 'float'
C:\New\Graphics Projects\Project Tajmohol\main.cpp(367,10): warning C4305: 'initializing': truncation from 'double' to 'float'
C:\New\Graphics Projects\Project Tajmohol\main.cpp(367,26): warning C4305: 'initializing': truncation from 'double' to 'float'
C:\New\Graphics Projects\Project Tajmohol\main.cpp(368,10): warning C4305: 'initializing': truncation from 'double' to 'float'
C:\New\Graphics Projects\Project Tajmohol\main.cpp(368,18): warning C4305: 'initializing': truncation from 'double' to 'float'
C:\New\Graphics Projects\Project Tajmohol\main.cpp(368,26): warning C4305: 'initializing': truncation from 'double' to 'float'
C:\New\Graphics Projects\Project Tajmohol\main.cpp(369,10): warning C4305: 'initializing': truncation from 'double' to 'float'
C:\New\Graphics Projects\Project Tajmohol\main.cpp(369,26): warning C4305: 'initializing': truncation from 'double' to 'float'
C:\New\Graphics Projects\Project Tajmohol\main.cpp(370,10): warning C4305: 'initializing': truncation from 'double' to 'float'
C:\New\Graphics Projects\Project Tajmohol\main.cpp(370,18): warning C4305: 'initializing': truncation from 'double' to 'float'
C:\New\Graphics Projects\Project Tajmohol\main.cpp(370,26): warning C4305: 'initializing': truncation from 'double' to 'float'
C:\New\Graphics Projects\Project Tajmohol\main.cpp(371,10): warning C4305: 'initializing': truncation from 'double' to 'float'
C:\New\Graphics Projects\Project Tajmohol\main.cpp(371,18): warning C4305: 'initializing': truncation from 'double' to 'float'
C:\New\Graphics Projects\Project Tajmohol\main.cpp(371,26): warning C4305: 'initializing': truncation from 'double' to 'float'
C:\New\Graphics Projects\Project Tajmohol\main.cpp(372,10): warning C4305: 'initializing': truncation from 'double' to 'float'
C:\New\Graphics Projects\Project Tajmohol\main.cpp(372,18): warning C4305: 'initializing': truncation from 'double' to 'float'
C:\New\Graphics Projects\Project Tajmohol\main.cpp(372,26): warning C4305: 'initializing': truncation from 'double' to 'float'
C:\New\Graphics Projects\Project Tajmohol\main.cpp(373,10): warning C4305: 'initializing': truncation from 'double' to 'float'
C:\New\Graphics Projects\Project Tajmohol\main.cpp(373,18): warning C4305: 'initializing': truncation from 'double' to 'float'
C:\New\Graphics Projects\Project Tajmohol\main.cpp(373,26): warning C4305: 'initializing': truncation from 'double' to 'float'
C:\New\Graphics Projects\Project Tajmohol\main.cpp(374,10): warning C4305: 'initializing': truncation from 'double' to 'float'
C:\New\Graphics Projects\Project Tajmohol\main.cpp(374,18): warning C4305: 'initializing': truncation from 'double' to 'float'
C:\New\Graphics Projects\Project Tajmohol\main.cpp(374,26): warning C4305: 'initializing': truncation from 'double' to 'float'
C:\New\Graphics Projects\Project Tajmohol\main.cpp(375,10): warning C4305: 'initializing': truncation from 'double' to 'float'
C:\New\Graphics Projects\Project Tajmohol\main.cpp(375,18): warning C4305: 'initializing': truncation from 'double' to 'float'
C:\New\Graphics Projects\Project Tajmohol\main.cpp(375,26): warning C4305: 'initializing': truncation from 'double' to 'float'
C:\New\Graphics Projects\Project Tajmohol\main.cpp(376,10): warning C4305: 'initializing': truncation from 'double' to 'float'
C:\New\Graphics Projects\Project Tajmohol\main.cpp(376,18): warning C4305: 'initializing': truncation from 'double' to 'float'
C:\New\Graphics Projects\Project Tajmohol\main.cpp(376,26): warning C4305: 'initializing': truncation from 'double' to 'float'
C:\New\Graphics Projects\Project Tajmohol\main.cpp(377,18): warning C4305: 'initializing': truncation from 'double' to 'float'
C:\New\Graphics Projects\Project Tajmohol\main.cpp(377,26): warning C4305: 'initializing': truncation from 'double' to 'float'
C:\New\Graphics Projects\Project Tajmohol\main.cpp(612,38): warning C4101: 'revtranslate': unreferenced local variable
C:\New\Graphics Projects\Project Tajmohol\main.cpp(612,52): warning C4101: 'alTogether': unreferenced local variable
C:\New\Graphics Projects\Project Tajmohol\main.cpp(1373,56): warning C4305: 'argument': truncation from 'double' to 'float'
C:\New\Graphics Projects\Project Tajmohol\main.cpp(1373,51): warning C4305: 'argument': truncation from 'double' to 'float'
C:\New\Graphics Projects\Project Tajmohol\main.cpp(1373,46): warning C4305: 'argument': truncation from 'double' to 'float'
C:\New\Graphics Projects\Project Tajmohol\main.cpp(1378,56): warning C4305: 'argument': truncation from 'double' to 'float'
C:\New\Graphics Projects\Project Tajmohol\main.cpp(1378,51): warning C4305: 'argument': truncation from 'double' to 'float'
C:\New\Graphics Projects\Project Tajmohol\main.cpp(1378,46): warning C4305: 'argument': truncation from 'double' to 'float'
C:\New\Graphics Projects\Project Tajmohol\main.cpp(1383,56): warning C4305: 'argument': truncation from 'double' to 'float'
C:\New\Graphics Projects\Project Tajmohol\main.cpp(1383,51): warning C4305: 'argument': truncation from 'double' to 'float'
C:\New\Graphics Projects\Project Tajmohol\main.cpp(1383,46): warning C4305: 'argument': truncation from 'double' to 'float'
C:\New\Graphics Projects\Project Tajmohol\main.cpp(1388,56): warning C4305: 'argument': truncation from 'double' to 'float'
C:\New\Graphics Projects\Project Tajmohol\main.cpp(1388,51): warning C4305: 'argument': truncation from 'double' to 'float'
C:\New\Graphics Projects\Project Tajmohol\main.cpp(1388,46): warning C4305: 'argument': truncation from 'double' to 'float'
C:\New\Graphics Projects\Project Tajmohol\main.cpp(1393,56): warning C4305: 'argument': truncation from 'double' to 'float'
C:\New\Graphics Projects\Project Tajmohol\main.cpp(1393,51): warning C4305: 'argument': truncation from 'double' to 'float'
C:\New\Graphics Projects\Project Tajmohol\main.cpp(1393,46): warning C4305: 'argument': truncation from 'double' to 'float'
C:\New\Graphics Projects\Project Tajmohol\main.cpp(1398,56): warning C4305: 'argument': truncation from 'double' to 'float'
C:\New\Graphics Projects\Project Tajmohol\main.cpp(1398,51): warning C4305: 'argument': truncation from 'double' to 'float'
C:\New\Graphics Projects\Project Tajmohol\main.cpp(1398,46): warning C4305: 'argument': truncation from 'double' to 'float'
C:\New\Graphics Projects\Project Tajmohol\main.cpp(1403,56): warning C4305: 'argument': truncation from 'double' to 'float'
C:\New\Graphics Projects\Project Tajmohol\main.cpp(1403,51): warning C4305: 'argument': truncation from 'double' to 'float'
C:\New\Graphics Projects\Project Tajmohol\main.cpp(1403,46): warning C4305: 'argument': truncation from 'double' to 'float'
C:\New\Graphics Projects\Project Tajmohol\main.cpp(1408,56): warning C4305: 'argument': truncation from 'double' to 'float'
C:\New\Graphics Projects\Project Tajmohol\main.cpp(1408,51): warning C4305: 'argument': truncation from 'double' to 'float'
C:\New\Graphics Projects\Project Tajmohol\main.cpp(1408,46): warning C4305: 'argument': truncation from 'double' to 'float'
C:\New\Graphics Projects\Project Tajmohol\main.cpp(1461,22): warning C4305: 'initializing': truncation from 'double' to 'float'
C:\New\Graphics Projects\Project Tajmohol\main.cpp(1474,56): warning C4305: 'argument': truncation from 'double' to 'float'
C:\New\Graphics Projects\Project Tajmohol\main.cpp(1474,51): warning C4305: 'argument': truncation from 'double' to 'float'
C:\New\Graphics Projects\Project Tajmohol\main.cpp(1474,46): warning C4305: 'argument': truncation from 'double' to 'float'
C:\New\Graphics Projects\Project Tajmohol\main.cpp(1481,56): warning C4305: 'argument': truncation from 'double' to 'float'
C:\New\Graphics Projects\Project Tajmohol\main.cpp(1481,51): warning C4305: 'argument': truncation from 'double' to 'float'
C:\New\Graphics Projects\Project Tajmohol\main.cpp(1481,46): warning C4305: 'argument': truncation from 'double' to 'float'
C:\New\Graphics Projects\Project Tajmohol\main.cpp(1486,56): warning C4305: 'argument': truncation from 'double' to 'float'
C:\New\Graphics Projects\Project Tajmohol\main.cpp(1486,51): warning C4305: 'argument': truncation from 'double' to 'float'
C:\New\Graphics Projects\Project Tajmohol\main.cpp(1486,46): warning C4305: 'argument': truncation from 'double' to 'float'
C:\New\Graphics Projects\Project Tajmohol\main.cpp(1491,56): warning C4305: 'argument': truncation from 'double' to 'float'
C:\New\Graphics Projects\Project Tajmohol\main.cpp(1491,51): warning C4305: 'argument': truncation from 'double' to 'float'
C:\New\Graphics Projects\Project Tajmohol\main.cpp(1491,46): warning C4305: 'argument': truncation from 'double' to 'float'
C:\New\Graphics Projects\Project Tajmohol\main.cpp(1496,56): warning C4305: 'argument': truncation from 'double' to 'float'
C:\New\Graphics Projects\Project Tajmohol\main.cpp(1496,51): warning C4305: 'argument': truncation from 'double' to 'float'
C:\New\Graphics Projects\Project Tajmohol\main.cpp(1496,46): warning C4305: 'argument': truncation from 'double' to 'float'
C:\New\Graphics Projects\Project Tajmohol\main.cpp(1502,56): warning C4305: 'argument': truncation from 'double' to 'float'
C:\New\Graphics Projects\Project Tajmohol\main.cpp(1502,51): warning C4305: 'argument': truncation from 'double' to 'float'
C:\New\Graphics Projects\Project Tajmohol\main.cpp(1510,56): warning C4305: 'argument': truncation from 'double' to 'float'
C:\New\Graphics Projects\Project Tajmohol\main.cpp(1510,51): warning C4305: 'argument': truncation from 'double' to 'float'
C:\New\Graphics Projects\Project Tajmohol\main.cpp(1510,46): warning C4305: 'argument': truncation from 'double' to 'float'
C:\New\Graphics Projects\Project Tajmohol\main.cpp(1515,56): warning C4305: 'argument': truncation from 'double' to 'float'
C:\New\Graphics Projects\Project Tajmohol\main.cpp(1515,51): warning C4305: 'argument': truncation from 'double' to 'float'
C:\New\Graphics Projects\Project Tajmohol\main.cpp(1515,46): warning C4305: 'argument': truncation from 'double' to 'float'
C:\New\Graphics Projects\Project Tajmohol\main.cpp(1520,56): warning C4305: 'argument': truncation from 'double' to 'float'
C:\New\Graphics Projects\Project Tajmohol\main.cpp(1520,51): warning C4305: 'argument': truncation from 'double' to 'float'
C:\New\Graphics Projects\Project Tajmohol\main.cpp(1520,46): warning C4305: 'argument': truncation from 'double' to 'float'
C:\New\Graphics Projects\Project Tajmohol\main.cpp(1525,56): warning C4305: 'argument': truncation from 'double' to 'float'
C:\New\Graphics Projects\Project Tajmohol\main.cpp(1525,51): warning C4305: 'argument': truncation from 'double' to 'float'
C:\New\Graphics Projects\Project Tajmohol\main.cpp(1525,46): warning C4305: 'argument': truncation from 'double' to 'float'
C:\New\Graphics Projects\Project Tajmohol\main.cpp(1531,56): warning C4305: 'argument': truncation from 'double' to 'float'
C:\New\Graphics Projects\Project Tajmohol\main.cpp(1531,51): warning C4305: 'argument': truncation from 'double' to 'float'
C:\New\Graphics Projects\Project Tajmohol\main.cpp(1561,56): warning C4305: 'argument': truncation from 'double' to 'float'
C:\New\Graphics Projects\Project Tajmohol\main.cpp(1561,51): warning C4305: 'argument': truncation from 'double' to 'float'
C:\New\Graphics Projects\Project Tajmohol\main.cpp(1561,46): warning C4305: 'argument': truncation from 'double' to 'float'
C:\New\Graphics Projects\Project Tajmohol\main.cpp(1568,56): warning C4305: 'argument': truncation from 'double' to 'float'
C:\New\Graphics Projects\Project Tajmohol\main.cpp(1568,51): warning C4305: 'argument': truncation from 'double' to 'float'
C:\New\Graphics Projects\Project Tajmohol\main.cpp(1568,46): warning C4305: 'argument': truncation from 'double' to 'float'
C:\New\Graphics Projects\Project Tajmohol\main.cpp(1575,56): warning C4305: 'argument': truncation from 'double' to 'float'
C:\New\Graphics Projects\Project Tajmohol\main.cpp(1575,51): warning C4305: 'argument': truncation from 'double' to 'float'
C:\New\Graphics Projects\Project Tajmohol\main.cpp(1575,46): warning C4305: 'argument': truncation from 'double' to 'float'
C:\New\Graphics Projects\Project Tajmohol\main.cpp(1581,56): warning C4305: 'argument': truncation from 'double' to 'float'
C:\New\Graphics Projects\Project Tajmohol\main.cpp(1581,51): warning C4305: 'argument': truncation from 'double' to 'float'
C:\New\Graphics Projects\Project Tajmohol\main.cpp(1581,46): warning C4305: 'argument': truncation from 'double' to 'float'
C:\New\Graphics Projects\Project Tajmohol\main.cpp(1587,56): warning C4305: 'argument': truncation from 'double' to 'float'
C:\New\Graphics Projects\Project Tajmohol\main.cpp(1587,51): warning C4305: 'argument': truncation from 'double' to 'float'
C:\New\Graphics Projects\Project Tajmohol\main.cpp(1587,46): warning C4305: 'argument': truncation from 'double' to 'float'
C:\New\Graphics Projects\Project Tajmohol\main.cpp(1593,56): warning C4305: 'argument': truncation from 'double' to 'float'
C:\New\Graphics Projects\Project Tajmohol\main.cpp(1593,51): warning C4305: 'argument': truncation from 'double' to 'float'
C:\New\Graphics Projects\Project Tajmohol\main.cpp(1593,46): warning C4305: 'argument': truncation from 'double' to 'float'
C:\New\Graphics Projects\Project Tajmohol\main.cpp(1813,22): warning C4305: 'initializing': truncation from 'double' to 'float'
C:\New\Graphics Projects\Project Tajmohol\main.cpp(1848,22): warning C4305: 'initializing': truncation from 'double' to 'float'
C:\New\Graphics Projects\Project Tajmohol\main.cpp(1862,56): warning C4305: 'argument': truncation from 'double' to 'float'
C:\New\Graphics Projects\Project Tajmohol\main.cpp(1862,51): warning C4305: 'argument': truncation from 'double' to 'float'
C:\New\Graphics Projects\Project Tajmohol\main.cpp(1964,56): warning C4305: 'argument': truncation from 'double' to 'float'
C:\New\Graphics Projects\Project Tajmohol\main.cpp(1964,51): warning C4305: 'argument': truncation from 'double' to 'float'
C:\New\Graphics Projects\Project Tajmohol\main.cpp(1969,56): warning C4305: 'argument': truncation from 'double' to 'float'
C:\New\Graphics Projects\Project Tajmohol\main.cpp(1969,51): warning C4305: 'argument': truncation from 'double' to 'float'
C:\New\Graphics Projects\Project Tajmohol\main.cpp(1976,56): warning C4305: 'argument': truncation from 'double' to 'float'
C:\New\Graphics Projects\Project Tajmohol\main.cpp(1976,51): warning C4305: 'argument': truncation from 'double' to 'float'
C:\New\Graphics Projects\Project Tajmohol\main.cpp(1981,56): warning C4305: 'argument': truncation from 'double' to 'float'
C:\New\Graphics Projects\Project Tajmohol\main.cpp(1981,51): warning C4305: 'argument': truncation from 'double' to 'float'
C:\New\Graphics Projects\Project Tajmohol\main.cpp(1987,56): warning C4305: 'argument': truncation from 'double' to 'float'
C:\New\Graphics Projects\Project Tajmohol\main.cpp(1987,51): warning C4305: 'argument': truncation from 'double' to 'float'
C:\New\Graphics Projects\Project Tajmohol\main.cpp(1994,56): warning C4305: 'argument': truncation from 'double' to 'float'
C:\New\Graphics Projects\Project Tajmohol\main.cpp(1994,51): warning C4305: 'argument': truncation from 'double' to 'float'
C:\New\Graphics Projects\Project Tajmohol\main.cpp(2001,56): warning C4305: 'argument': truncation from 'double' to 'float'
C:\New\Graphics Projects\Project Tajmohol\main.cpp(2001,51): warning C4305: 'argument': truncation from 'double' to 'float'
C:\New\Graphics Projects\Project Tajmohol\main.cpp(2008,56): warning C4305: 'argument': truncation from 'double' to 'float'
C:\New\Graphics Projects\Project Tajmohol\main.cpp(2008,51): warning C4305: 'argument': truncation from 'double' to 'float'
C:\New\Graphics Projects\Project Tajmohol\main.cpp(2015,56): warning C4305: 'argument': truncation from 'double' to 'float'
C:\New\Graphics Projects\Project Tajmohol\main.cpp(2015,51): warning C4305: 'argument': truncation from 'double' to 'float'
C:\New\Graphics Projects\Project Tajmohol\main.cpp(2020,56): warning C4305: 'argument': truncation from 'double' to 'float'
C:\New\Graphics Projects\Project Tajmohol\main.cpp(2020,51): warning C4305: 'argument': truncation from 'double' to 'float'
C:\New\Graphics Projects\Project Tajmohol\main.cpp(2025,56): warning C4305: 'argument': truncation from 'double' to 'float'
C:\New\Graphics Projects\Project Tajmohol\main.cpp(2025,51): warning C4305: 'argument': truncation from 'double' to 'float'
C:\New\Graphics Projects\Project Tajmohol\main.cpp(2032,56): warning C4305: 'argument': truncation from 'double' to 'float'
C:\New\Graphics Projects\Project Tajmohol\main.cpp(2032,51): warning C4305: 'argument': truncation from 'double' to 'float'
C:\New\Graphics Projects\Project Tajmohol\main.cpp(2037,56): warning C4305: 'argument': truncation from 'double' to 'float'
C:\New\Graphics Projects\Project Tajmohol\main.cpp(2037,51): warning C4305: 'argument': truncation from 'double' to 'float'
C:\New\Graphics Projects\Project Tajmohol\main.cpp(2042,56): warning C4305: 'argument': truncation from 'double' to 'float'
C:\New\Graphics Projects\Project Tajmohol\main.cpp(2042,51): warning C4305: 'argument': truncation from 'double' to 'float'
C:\New\Graphics Projects\Project Tajmohol\main.cpp(2048,22): warning C4305: 'initializing': truncation from 'double' to 'float'
C:\New\Graphics Projects\Project Tajmohol\main.cpp(2062,56): warning C4305: 'argument': truncation from 'double' to 'float'
C:\New\Graphics Projects\Project Tajmohol\main.cpp(2062,51): warning C4305: 'argument': truncation from 'double' to 'float'
C:\New\Graphics Projects\Project Tajmohol\main.cpp(2067,56): warning C4305: 'argument': truncation from 'double' to 'float'
C:\New\Graphics Projects\Project Tajmohol\main.cpp(2067,51): warning C4305: 'argument': truncation from 'double' to 'float'
C:\New\Graphics Projects\Project Tajmohol\main.cpp(2073,56): warning C4305: 'argument': truncation from 'double' to 'float'
C:\New\Graphics Projects\Project Tajmohol\main.cpp(2073,51): warning C4305: 'argument': truncation from 'double' to 'float'
C:\New\Graphics Projects\Project Tajmohol\main.cpp(2079,46): warning C4305: 'argument': truncation from 'double' to 'float'
C:\New\Graphics Projects\Project Tajmohol\main.cpp(2120,56): warning C4305: 'argument': truncation from 'double' to 'float'
C:\New\Graphics Projects\Project Tajmohol\main.cpp(2120,51): warning C4305: 'argument': truncation from 'double' to 'float'
C:\New\Graphics Projects\Project Tajmohol\main.cpp(2120,46): warning C4305: 'argument': truncation from 'double' to 'float'
C:\New\Graphics Projects\Project Tajmohol\main.cpp(2125,56): warning C4305: 'argument': truncation from 'double' to 'float'
C:\New\Graphics Projects\Project Tajmohol\main.cpp(2125,51): warning C4305: 'argument': truncation from 'double' to 'float'
C:\New\Graphics Projects\Project Tajmohol\main.cpp(2125,46): warning C4305: 'argument': truncation from 'double' to 'float'
C:\New\Graphics Projects\Project Tajmohol\main.cpp(2130,56): warning C4305: 'argument': truncation from 'double' to 'float'
C:\New\Graphics Projects\Project Tajmohol\main.cpp(2130,51): warning C4305: 'argument': truncation from 'double' to 'float'
C:\New\Graphics Projects\Project Tajmohol\main.cpp(2130,46): warning C4305: 'argument': truncation from 'double' to 'float'
C:\New\Graphics Projects\Project Tajmohol\main.cpp(2135,56): warning C4305: 'argument': truncation from 'double' to 'float'
C:\New\Graphics Projects\Project Tajmohol\main.cpp(2135,51): warning C4305: 'argument': truncation from 'double' to 'float'
C:\New\Graphics Projects\Project Tajmohol\main.cpp(2135,46): warning C4305: 'argument': truncation from 'double' to 'float'
C:\New\Graphics Projects\Project Tajmohol\main.cpp(2142,56): warning C4305: 'argument': truncation from 'double' to 'float'
C:\New\Graphics Projects\Project Tajmohol\main.cpp(2142,51): warning C4305: 'argument': truncation from 'double' to 'float'
C:\New\Graphics Projects\Project Tajmohol\main.cpp(2147,56): warning C4305: 'argument': truncation from 'double' to 'float'
C:\New\Graphics Projects\Project Tajmohol\main.cpp(2147,51): warning C4305: 'argument': truncation from 'double' to 'float'
C:\New\Graphics Projects\Project Tajmohol\main.cpp(2152,56): warning C4305: 'argument': truncation from 'double' to 'float'
C:\New\Graphics Projects\Project Tajmohol\main.cpp(2152,51): warning C4305: 'argument': truncation from 'double' to 'float'
C:\New\Graphics Projects\Project Tajmohol\main.cpp(2157,56): warning C4305: 'argument': truncation from 'double' to 'float'
C:\New\Graphics Projects\Project Tajmohol\main.cpp(2157,51): warning C4305: 'argument': truncation from 'double' to 'float'
C:\New\Graphics Projects\Project Tajmohol\main.cpp(2165,46): warning C4305: 'argument': truncation from 'double' to 'float'
C:\New\Graphics Projects\Project Tajmohol\main.cpp(2186,56): warning C4305: 'argument': truncation from 'double' to 'float'
C:\New\Graphics Projects\Project Tajmohol\main.cpp(2186,51): warning C4305: 'argument': truncation from 'double' to 'float'
C:\New\Graphics Projects\Project Tajmohol\main.cpp(2186,46): warning C4305: 'argument': truncation from 'double' to 'float'
C:\New\Graphics Projects\Project Tajmohol\main.cpp(2190,56): warning C4305: 'argument': truncation from 'double' to 'float'
C:\New\Graphics Projects\Project Tajmohol\main.cpp(2190,51): warning C4305: 'argument': truncation from 'double' to 'float'
C:\New\Graphics Projects\Project Tajmohol\main.cpp(2190,46): warning C4305: 'argument': truncation from 'double' to 'float'
C:\New\Graphics Projects\Project Tajmohol\main.cpp(2210,19): warning C4244: 'initializing': conversion from 'double' to 'float', possible loss of data
C:\New\Graphics Projects\Project Tajmohol\main.cpp(2211,19): warning C4244: 'initializing': conversion from 'double' to 'float', possible loss of data
C:\New\Graphics Projects\Project Tajmohol\main.cpp(2212,19): warning C4244: 'initializing': conversion from 'double' to 'float', possible loss of data
C:\New\Graphics Projects\Project Tajmohol\main.cpp(2221,61): warning C4305: 'argument': truncation from 'double' to 'float'
C:\New\Graphics Projects\Project Tajmohol\main.cpp(2221,55): warning C4305: 'argument': truncation from 'double' to 'float'
C:\New\Graphics Projects\Project Tajmohol\main.cpp(2226,22): warning C4244: 'initializing': conversion from 'double' to 'float', possible loss of data
C:\New\Graphics Projects\Project Tajmohol\main.cpp(2227,22): warning C4244: 'initializing': conversion from 'double' to 'float', possible loss of data
C:\New\Graphics Projects\Project Tajmohol\main.cpp(2228,21): warning C4244: 'initializing': conversion from 'double' to 'float', possible loss of data
C:\New\Graphics Projects\Project Tajmohol\main.cpp(2233,61): warning C4305: 'argument': truncation from 'double' to 'float'
C:\New\Graphics Projects\Project Tajmohol\main.cpp(2233,55): warning C4305: 'argument': truncation from 'double' to 'float'
C:\New\Graphics Projects\Project Tajmohol\main.cpp(2238,61): warning C4305: 'argument': truncation from 'double' to 'float'
C:\New\Graphics Projects\Project Tajmohol\main.cpp(2238,55): warning C4305: 'argument': truncation from 'double' to 'float'
C:\New\Graphics Projects\Project Tajmohol\main.cpp(2243,61): warning C4305: 'argument': truncation from 'double' to 'float'
C:\New\Graphics Projects\Project Tajmohol\main.cpp(2243,55): warning C4305: 'argument': truncation from 'double' to 'float'
C:\New\Graphics Projects\Project Tajmohol\main.cpp(2248,61): warning C4305: 'argument': truncation from 'double' to 'float'
C:\New\Graphics Projects\Project Tajmohol\main.cpp(2248,55): warning C4305: 'argument': truncation from 'double' to 'float'
C:\New\Graphics Projects\Project Tajmohol\main.cpp(2252,61): warning C4305: 'argument': truncation from 'double' to 'float'
C:\New\Graphics Projects\Project Tajmohol\main.cpp(2252,55): warning C4305: 'argument': truncation from 'double' to 'float'
C:\New\Graphics Projects\Project Tajmohol\main.cpp(2255,19): warning C4244: 'initializing': conversion from 'double' to 'float', possible loss of data
C:\New\Graphics Projects\Project Tajmohol\main.cpp(2256,19): warning C4244: 'initializing': conversion from 'double' to 'float', possible loss of data
C:\New\Graphics Projects\Project Tajmohol\main.cpp(2257,19): warning C4244: 'initializing': conversion from 'double' to 'float', possible loss of data
C:\New\Graphics Projects\Project Tajmohol\main.cpp(2263,22): warning C4244: '=': conversion from 'double' to 'float', possible loss of data
C:\New\Graphics Projects\Project Tajmohol\main.cpp(2264,22): warning C4244: '=': conversion from 'double' to 'float', possible loss of data
C:\New\Graphics Projects\Project Tajmohol\main.cpp(2265,27): warning C4244: '=': conversion from 'double' to 'float', possible loss of data
C:\New\Graphics Projects\Project Tajmohol\main.cpp(2271,28): warning C4244: '=': conversion from 'double' to 'float', possible loss of data
C:\New\Graphics Projects\Project Tajmohol\main.cpp(2272,22): warning C4244: '=': conversion from 'double' to 'float', possible loss of data
C:\New\Graphics Projects\Project Tajmohol\main.cpp(2273,21): warning C4244: '=': conversion from 'double' to 'float', possible loss of data
C:\New\Graphics Projects\Project Tajmohol\main.cpp(2279,22): warning C4244: '=': conversion from 'double' to 'float', possible loss of data
C:\New\Graphics Projects\Project Tajmohol\main.cpp(2280,22): warning C4244: '=': conversion from 'double' to 'float', possible loss of data
C:\New\Graphics Projects\Project Tajmohol\main.cpp(2281,27): warning C4244: '=': conversion from 'double' to 'float', possible loss of data
C:\New\Graphics Projects\Project Tajmohol\main.cpp(2286,22): warning C4244: '=': conversion from 'double' to 'float', possible loss of data
C:\New\Graphics Projects\Project Tajmohol\main.cpp(2288,21): warning C4244: '=': conversion from 'double' to 'float', possible loss of data
C:\New\Graphics Projects\Project Tajmohol\main.cpp(2295,22): warning C4244: 'initializing': conversion from 'double' to 'float', possible loss of data
C:\New\Graphics Projects\Project Tajmohol\main.cpp(2296,22): warning C4244: 'initializing': conversion from 'double' to 'float', possible loss of data
C:\New\Graphics Projects\Project Tajmohol\main.cpp(2297,21): warning C4244: 'initializing': conversion from 'double' to 'float', possible loss of data
C:\New\Graphics Projects\Project Tajmohol\main.cpp(2302,61): warning C4305: 'argument': truncation from 'double' to 'float'
C:\New\Graphics Projects\Project Tajmohol\main.cpp(2302,55): warning C4305: 'argument': truncation from 'double' to 'float'
C:\New\Graphics Projects\Project Tajmohol\main.cpp(2307,61): warning C4305: 'argument': truncation from 'double' to 'float'
C:\New\Graphics Projects\Project Tajmohol\main.cpp(2307,55): warning C4305: 'argument': truncation from 'double' to 'float'
C:\New\Graphics Projects\Project Tajmohol\main.cpp(2312,61): warning C4305: 'argument': truncation from 'double' to 'float'
C:\New\Graphics Projects\Project Tajmohol\main.cpp(2312,55): warning C4305: 'argument': truncation from 'double' to 'float'
C:\New\Graphics Projects\Project Tajmohol\main.cpp(2317,61): warning C4305: 'argument': truncation from 'double' to 'float'
C:\New\Graphics Projects\Project Tajmohol\main.cpp(2317,55): warning C4305: 'argument': truncation from 'double' to 'float'
C:\New\Graphics Projects\Project Tajmohol\main.cpp(2321,61): warning C4305: 'argument': truncation from 'double' to 'float'
C:\New\Graphics Projects\Project Tajmohol\main.cpp(2321,55): warning C4305: 'argument': truncation from 'double' to 'float'
  Project Tajmohol.vcxproj -> C:\New\Graphics Projects\Project Tajmohol\x64\Debug\Project Tajmohol.exe
